<?xml version="1.0" encoding="UTF-8"?>
<!-- Generated by org.testng.reporters.JUnitReportReporter -->
<testsuite hostname="KELLGGNLPTP042" failures="0" tests="5" name="com.qa.loginpageTest.ContactTest" time="261.725" errors="0" timestamp="16 Nov 2019 09:14:22 GMT" skipped="0">
  <testcase classname="com.qa.loginpageTest.ContactTest" name="Fillform" time="57.439"/>
  <testcase classname="com.qa.loginpageTest.ContactTest" name="Fillform" time="52.578"/>
  <testcase classname="com.qa.loginpageTest.ContactTest" name="Fillform" time="58.065"/>
  <testcase classname="com.qa.loginpageTest.ContactTest" name="Fillform" time="51.166"/>
  <testcase classname="com.qa.loginpageTest.ContactTest" name="Fillform" time="42.477"/>
</testsuite> <!-- com.qa.loginpageTest.ContactTest -->
