<?xml version="1.0" encoding="UTF-8"?>
<!-- Generated by org.testng.reporters.JUnitReportReporter -->
<testsuite hostname="KELLGGNLPTP042" failures="0" tests="3" name="com.qa.loginpageTest.Loginpagetest" time="4.080" errors="0" timestamp="09 Nov 2019 12:54:09 GMT" skipped="0">
  <testcase classname="com.qa.loginpageTest.Loginpagetest" name="tittletest" time="2.840"/>
  <testcase classname="com.qa.loginpageTest.Loginpagetest" name="Signuplinkverification" time="0.239"/>
  <testcase classname="com.qa.loginpageTest.Loginpagetest" name="Dologincheck" time="1.001"/>
</testsuite> <!-- com.qa.loginpageTest.Loginpagetest -->
