<?xml version="1.0" encoding="UTF-8"?>
<!-- Generated by org.testng.reporters.JUnitReportReporter -->
<testsuite hostname="KELLGGNLPTP042" failures="0" tests="3" name="com.qa.loginpageTest.HomePageTest" time="10.555" errors="0" timestamp="16 Nov 2019 06:57:17 GMT" skipped="0">
  <testcase classname="com.qa.loginpageTest.HomePageTest" name="verfiyassertTitle" time="0.088"/>
  <testcase classname="com.qa.loginpageTest.HomePageTest" name="verifyassertHeader" time="0.189"/>
  <testcase classname="com.qa.loginpageTest.HomePageTest" name="VerifyAccountDetails" time="10.278"/>
</testsuite> <!-- com.qa.loginpageTest.HomePageTest -->
